START TIME: Sun Nov 19 14:40:58 PST 2023

node20.cluster

hostname: node20

SRA Accession ID: ERR1831349

conda info


     active environment : wxs-pipeline
    active env location : /home/fmbuga/.conda/envs/wxs-pipeline
            shell level : 2
       user config file : /home/fmbuga/.condarc
 populated config files : /home/fmbuga/.condarc
          conda version : 4.10.3
    conda-build version : not installed
         python version : 3.6.9.final.0
       virtual packages : __linux=3.10.0=0
                          __glibc=2.17=0
                          __unix=0=0
                          __archspec=1=x86_64
       base environment : /opt/intel/intelpython3  (read only)
      conda av data dir : /opt/intel/intelpython3/etc/conda
  conda av metadata url : None
           channel URLs : https://conda.anaconda.org/conda-forge/linux-64
                          https://conda.anaconda.org/conda-forge/noarch
                          https://conda.anaconda.org/bioconda/linux-64
                          https://conda.anaconda.org/bioconda/noarch
                          https://repo.anaconda.com/pkgs/main/linux-64
                          https://repo.anaconda.com/pkgs/main/noarch
                          https://repo.anaconda.com/pkgs/r/linux-64
                          https://repo.anaconda.com/pkgs/r/noarch
                          https://conda.anaconda.org/main/linux-64
                          https://conda.anaconda.org/main/noarch
          package cache : /opt/intel/intelpython3/pkgs
                          /home/fmbuga/.conda/pkgs
       envs directories : /home/fmbuga/.conda/envs
                          /opt/intel/intelpython3/envs
               platform : linux-64
             user-agent : conda/4.10.3 requests/2.25.1 CPython/3.6.9 Linux/3.10.0-1062.18.1.el7.x86_64 centos/7.9.2009 glibc/2.17
                UID:GID : 1179:1090
             netrc file : None
           offline mode : False


conda list

# packages in environment at /home/fmbuga/.conda/envs/wxs-pipeline:
#
# Name                    Version                   Build  Channel
_libgcc_mutex             0.1                 conda_forge    conda-forge
_openmp_mutex             4.5                       2_gnu    conda-forge
alsa-lib                  1.2.8                h166bdaf_0    conda-forge
anyio                     4.0.0              pyhd8ed1ab_0    conda-forge
argon2-cffi               23.1.0             pyhd8ed1ab_0    conda-forge
argon2-cffi-bindings      21.2.0           py39hd1e30aa_4    conda-forge
arrow                     1.3.0              pyhd8ed1ab_0    conda-forge
asttokens                 2.4.1              pyhd8ed1ab_0    conda-forge
async-lru                 2.0.4              pyhd8ed1ab_0    conda-forge
attrs                     23.1.0             pyh71513ae_1    conda-forge
babel                     2.13.1             pyhd8ed1ab_0    conda-forge
backports                 1.0                pyhd8ed1ab_3    conda-forge
backports.functools_lru_cache 1.6.5              pyhd8ed1ab_0    conda-forge
bcftools                  1.18                 h8b25389_0    bioconda
beautifulsoup4            4.12.2             pyha770c72_0    conda-forge
bedops                    2.4.41               h4ac6f70_1    bioconda
bedtools                  2.31.0               hf5e1c6e_3    bioconda
bleach                    6.1.0              pyhd8ed1ab_0    conda-forge
brotli-python             1.1.0            py39h3d6467e_1    conda-forge
bwa                       0.7.17              he4a0461_11    bioconda
bzip2                     1.0.8                hd590300_5    conda-forge
c-ares                    1.21.0               hd590300_0    conda-forge
ca-certificates           2023.7.22            hbcca054_0    conda-forge
cached-property           1.5.2                hd8ed1ab_1    conda-forge
cached_property           1.5.2              pyha770c72_1    conda-forge
cairo                     1.16.0            ha61ee94_1014    conda-forge
certifi                   2023.7.22          pyhd8ed1ab_0    conda-forge
cffi                      1.16.0           py39h7a31438_0    conda-forge
charset-normalizer        3.3.2              pyhd8ed1ab_0    conda-forge
comm                      0.1.4              pyhd8ed1ab_0    conda-forge
coreutils                 8.25                          1    bioconda
curl                      8.4.0                hca28451_0    conda-forge
cutadapt                  4.5              py39hf95cd2a_0    bioconda
cycler                    0.12.1             pyhd8ed1ab_0    conda-forge
debugpy                   1.8.0            py39h3d6467e_1    conda-forge
decorator                 5.1.1              pyhd8ed1ab_0    conda-forge
defusedxml                0.7.1              pyhd8ed1ab_0    conda-forge
dnaio                     1.0.1            py39hf95cd2a_0    bioconda
entrypoints               0.4                pyhd8ed1ab_0    conda-forge
exceptiongroup            1.1.3              pyhd8ed1ab_0    conda-forge
executing                 2.0.1              pyhd8ed1ab_0    conda-forge
expat                     2.5.0                hcb278e6_1    conda-forge
fastqc                    0.12.1               hdfd78af_0    bioconda
font-ttf-dejavu-sans-mono 2.37                 hab24e00_0    conda-forge
font-ttf-inconsolata      3.000                h77eed37_0    conda-forge
font-ttf-source-code-pro  2.038                h77eed37_0    conda-forge
font-ttf-ubuntu           0.83                 hab24e00_0    conda-forge
fontconfig                2.14.2               h14ed4e7_0    conda-forge
fonts-conda-ecosystem     1                             0    conda-forge
fonts-conda-forge         1                             0    conda-forge
fqdn                      1.5.1              pyhd8ed1ab_0    conda-forge
freetype                  2.12.1               h267a509_2    conda-forge
gatk4                     4.4.0.0          py36hdfd78af_0    bioconda
gettext                   0.21.1               h27087fc_0    conda-forge
giflib                    5.2.1                h0b41bf4_3    conda-forge
graphite2                 1.3.13            h58526e2_1001    conda-forge
gsl                       2.7                  he838d99_0    conda-forge
harfbuzz                  6.0.0                h8e241bc_0    conda-forge
htslib                    1.18                 h81da01d_0    bioconda
icu                       70.1                 h27087fc_0    conda-forge
idna                      3.4                pyhd8ed1ab_0    conda-forge
importlib-metadata        6.8.0              pyha770c72_0    conda-forge
importlib_metadata        6.8.0                hd8ed1ab_0    conda-forge
importlib_resources       6.1.1              pyhd8ed1ab_0    conda-forge
ipykernel                 6.26.0             pyhf8b6a83_0    conda-forge
ipython                   8.17.2             pyh41d4057_0    conda-forge
isa-l                     2.30.0               hd590300_6    conda-forge
isoduration               20.11.0            pyhd8ed1ab_0    conda-forge
jedi                      0.19.1             pyhd8ed1ab_0    conda-forge
jinja2                    3.1.2              pyhd8ed1ab_1    conda-forge
json5                     0.9.14             pyhd8ed1ab_0    conda-forge
jsonpointer               2.4              py39hf3d152e_3    conda-forge
jsonschema                4.19.2             pyhd8ed1ab_0    conda-forge
jsonschema-specifications 2023.7.1           pyhd8ed1ab_0    conda-forge
jsonschema-with-format-nongpl 4.19.2             pyhd8ed1ab_0    conda-forge
jupyter-lsp               2.2.0              pyhd8ed1ab_0    conda-forge
jupyter_client            8.6.0              pyhd8ed1ab_0    conda-forge
jupyter_core              5.5.0            py39hf3d152e_0    conda-forge
jupyter_events            0.9.0              pyhd8ed1ab_0    conda-forge
jupyter_server            2.10.0             pyhd8ed1ab_0    conda-forge
jupyter_server_terminals  0.4.4              pyhd8ed1ab_1    conda-forge
jupyterlab                4.0.8              pyhd8ed1ab_0    conda-forge
jupyterlab_pygments       0.2.2              pyhd8ed1ab_0    conda-forge
jupyterlab_server         2.25.0             pyhd8ed1ab_0    conda-forge
keyutils                  1.6.1                h166bdaf_0    conda-forge
kiwisolver                1.4.5            py39h7633fee_1    conda-forge
krb5                      1.21.2               h659d440_0    conda-forge
lcms2                     2.15                 haa2dc70_1    conda-forge
ld_impl_linux-64          2.40                 h41732ed_0    conda-forge
lerc                      4.0.0                h27087fc_0    conda-forge
libblas                   3.9.0           19_linux64_openblas    conda-forge
libcblas                  3.9.0           19_linux64_openblas    conda-forge
libcups                   2.3.3                h4637d8d_4    conda-forge
libcurl                   8.4.0                hca28451_0    conda-forge
libdeflate                1.18                 h0b41bf4_0    conda-forge
libedit                   3.1.20191231         he28a2e2_2    conda-forge
libev                     4.33                 h516909a_1    conda-forge
libexpat                  2.5.0                hcb278e6_1    conda-forge
libffi                    3.4.2                h7f98852_5    conda-forge
libgcc                    7.2.0                h69d50b8_2    conda-forge
libgcc-ng                 13.2.0               h807b86a_2    conda-forge
libgfortran-ng            13.2.0               h69a702a_2    conda-forge
libgfortran5              13.2.0               ha4646dd_2    conda-forge
libglib                   2.78.1               hebfc3b9_0    conda-forge
libgomp                   13.2.0               h807b86a_2    conda-forge
libiconv                  1.17                 h166bdaf_0    conda-forge
libjpeg-turbo             2.1.5.1              hd590300_1    conda-forge
liblapack                 3.9.0           19_linux64_openblas    conda-forge
libnghttp2                1.55.1               h47da74e_0    conda-forge
libnsl                    2.0.1                hd590300_0    conda-forge
libopenblas               0.3.24          pthreads_h413a1c8_0    conda-forge
libpng                    1.6.39               h753d276_0    conda-forge
libsodium                 1.0.18               h36c2ea0_1    conda-forge
libsqlite                 3.44.0               h2797004_0    conda-forge
libssh2                   1.11.0               h0841786_0    conda-forge
libstdcxx-ng              13.2.0               h7e041cc_2    conda-forge
libtiff                   4.5.1                h8b53f26_1    conda-forge
libuuid                   2.38.1               h0b41bf4_0    conda-forge
libwebp-base              1.3.2                hd590300_0    conda-forge
libxcb                    1.13              h7f98852_1004    conda-forge
libxml2                   2.9.14               h22db469_4    conda-forge
libzlib                   1.2.13               hd590300_5    conda-forge
markupsafe                2.1.3            py39hd1e30aa_1    conda-forge
matplotlib                3.3.2                         0    conda-forge
matplotlib-base           3.3.2            py39h98787fa_1    conda-forge
matplotlib-inline         0.1.6              pyhd8ed1ab_0    conda-forge
mistune                   3.0.2              pyhd8ed1ab_0    conda-forge
nbclient                  0.8.0              pyhd8ed1ab_0    conda-forge
nbconvert-core            7.11.0             pyhd8ed1ab_0    conda-forge
nbformat                  5.9.2              pyhd8ed1ab_0    conda-forge
ncbi-vdb                  3.0.8                hdbdd923_0    bioconda
ncurses                   6.4                  h59595ed_2    conda-forge
nest-asyncio              1.5.8              pyhd8ed1ab_0    conda-forge
nextflow                  23.10.0              hdfd78af_0    bioconda
notebook-shim             0.2.3              pyhd8ed1ab_0    conda-forge
numpy                     1.26.0           py39h474f0d3_0    conda-forge
openjdk                   17.0.3               h4335b31_6    conda-forge
openjpeg                  2.5.0                hfec8fc6_2    conda-forge
openssl                   3.1.4                hd590300_0    conda-forge
ossuuid                   1.6.2             hf484d3e_1000    conda-forge
overrides                 7.4.0              pyhd8ed1ab_0    conda-forge
packaging                 23.2               pyhd8ed1ab_0    conda-forge
pandas                    2.1.3            py39hddac248_0    conda-forge
pandocfilters             1.5.0              pyhd8ed1ab_0    conda-forge
parso                     0.8.3              pyhd8ed1ab_0    conda-forge
pbzip2                    1.1.13               h1fcc475_2    conda-forge
pcre2                     10.40                hc3806b6_0    conda-forge
perl                      5.32.1          4_hd590300_perl5    conda-forge
perl-alien-build          2.48            pl5321hec16e2b_0    bioconda
perl-alien-libxml2        0.17            pl5321hec16e2b_0    bioconda
perl-business-isbn        3.007           pl5321hdfd78af_0    bioconda
perl-business-isbn-data   20210112.006    pl5321hdfd78af_0    bioconda
perl-capture-tiny         0.48            pl5321hdfd78af_2    bioconda
perl-carp                 1.38            pl5321hdfd78af_4    bioconda
perl-constant             1.33            pl5321hdfd78af_2    bioconda
perl-data-dumper          2.183           pl5321hec16e2b_1    bioconda
perl-encode               3.19            pl5321hec16e2b_1    bioconda
perl-exporter             5.72            pl5321hdfd78af_2    bioconda
perl-extutils-makemaker   7.70            pl5321hd8ed1ab_0    conda-forge
perl-ffi-checklib         0.28            pl5321hdfd78af_0    bioconda
perl-file-chdir           0.1010          pl5321hdfd78af_3    bioconda
perl-file-path            2.18            pl5321hd8ed1ab_0    conda-forge
perl-file-temp            0.2304          pl5321hd8ed1ab_0    conda-forge
perl-file-which           1.24            pl5321hd8ed1ab_0    conda-forge
perl-importer             0.026           pl5321hdfd78af_0    bioconda
perl-mime-base64          3.16            pl5321hec16e2b_2    bioconda
perl-parent               0.236           pl5321hdfd78af_2    bioconda
perl-path-tiny            0.122           pl5321hdfd78af_0    bioconda
perl-pathtools            3.75            pl5321hec16e2b_3    bioconda
perl-scope-guard          0.21            pl5321hdfd78af_3    bioconda
perl-sub-info             0.002           pl5321hdfd78af_1    bioconda
perl-term-table           0.016           pl5321hdfd78af_0    bioconda
perl-test2-suite          0.000145        pl5321hdfd78af_0    bioconda
perl-uri                  5.12            pl5321hdfd78af_0    bioconda
perl-xml-libxml           2.0207          pl5321h661654b_0    bioconda
perl-xml-namespacesupport 1.12            pl5321hdfd78af_1    bioconda
perl-xml-sax              1.02            pl5321hdfd78af_1    bioconda
perl-xml-sax-base         1.09            pl5321hdfd78af_1    bioconda
pexpect                   4.8.0              pyh1a96a4e_2    conda-forge
pickleshare               0.7.5                   py_1003    conda-forge
pigz                      2.8                  h2797004_0    conda-forge
pillow                    9.5.0            py39h7207d5c_0    conda-forge
pip                       23.3.1             pyhd8ed1ab_0    conda-forge
pixman                    0.42.2               h59595ed_0    conda-forge
pkgutil-resolve-name      1.3.10             pyhd8ed1ab_1    conda-forge
platformdirs              3.11.0             pyhd8ed1ab_0    conda-forge
prometheus_client         0.18.0             pyhd8ed1ab_0    conda-forge
prompt-toolkit            3.0.39             pyha770c72_0    conda-forge
prompt_toolkit            3.0.39               hd8ed1ab_0    conda-forge
psutil                    5.9.5            py39hd1e30aa_1    conda-forge
pthread-stubs             0.4               h36c2ea0_1001    conda-forge
ptyprocess                0.7.0              pyhd3deb0d_0    conda-forge
pure_eval                 0.2.2              pyhd8ed1ab_0    conda-forge
pycparser                 2.21               pyhd8ed1ab_0    conda-forge
pygments                  2.16.1             pyhd8ed1ab_0    conda-forge
pyparsing                 3.1.1              pyhd8ed1ab_0    conda-forge
pysocks                   1.7.1              pyha2e5f31_6    conda-forge
python                    3.9.18          h0755675_0_cpython    conda-forge
python-dateutil           2.8.2              pyhd8ed1ab_0    conda-forge
python-fastjsonschema     2.18.1             pyhd8ed1ab_0    conda-forge
python-isal               1.5.2            py39hd1e30aa_0    conda-forge
python-json-logger        2.0.7              pyhd8ed1ab_0    conda-forge
python-tzdata             2023.3             pyhd8ed1ab_0    conda-forge
python_abi                3.9                      4_cp39    conda-forge
pytz                      2023.3.post1       pyhd8ed1ab_0    conda-forge
pyyaml                    6.0.1            py39hd1e30aa_1    conda-forge
pyzmq                     25.1.1           py39h8c080ef_2    conda-forge
readline                  8.2                  h8228510_1    conda-forge
referencing               0.30.2             pyhd8ed1ab_0    conda-forge
requests                  2.31.0             pyhd8ed1ab_0    conda-forge
rfc3339-validator         0.1.4              pyhd8ed1ab_0    conda-forge
rfc3986-validator         0.1.1              pyh9f0ad1d_0    conda-forge
rpds-py                   0.12.0           py39h9fdd4d6_0    conda-forge
samtools                  1.18                 h50ea8bc_1    bioconda
send2trash                1.8.2              pyh41d4057_0    conda-forge
setuptools                68.2.2             pyhd8ed1ab_0    conda-forge
six                       1.16.0             pyh6c4a22f_0    conda-forge
sniffio                   1.3.0              pyhd8ed1ab_0    conda-forge
soupsieve                 2.5                pyhd8ed1ab_1    conda-forge
sra-tools                 3.0.8                h9f5acd7_0    bioconda
stack_data                0.6.2              pyhd8ed1ab_0    conda-forge
terminado                 0.17.1             pyh41d4057_0    conda-forge
tinycss2                  1.2.1              pyhd8ed1ab_0    conda-forge
tk                        8.6.13          noxft_h4845f30_101    conda-forge
tomli                     2.0.1              pyhd8ed1ab_0    conda-forge
tornado                   6.3.3            py39hd1e30aa_1    conda-forge
traitlets                 5.13.0             pyhd8ed1ab_0    conda-forge
trim-galore               0.6.10               hdfd78af_0    bioconda
types-python-dateutil     2.8.19.14          pyhd8ed1ab_0    conda-forge
typing-extensions         4.8.0                hd8ed1ab_0    conda-forge
typing_extensions         4.8.0              pyha770c72_0    conda-forge
typing_utils              0.1.0              pyhd8ed1ab_0    conda-forge
tzdata                    2023c                h71feb2d_0    conda-forge
uri-template              1.3.0              pyhd8ed1ab_0    conda-forge
urllib3                   2.0.7              pyhd8ed1ab_0    conda-forge
wcwidth                   0.2.9              pyhd8ed1ab_0    conda-forge
webcolors                 1.13               pyhd8ed1ab_0    conda-forge
webencodings              0.5.1              pyhd8ed1ab_2    conda-forge
websocket-client          1.6.4              pyhd8ed1ab_0    conda-forge
wheel                     0.41.3             pyhd8ed1ab_0    conda-forge
xopen                     1.8.0            py39hf3d152e_0    conda-forge
xorg-fixesproto           5.0               h7f98852_1002    conda-forge
xorg-inputproto           2.3.2             h7f98852_1002    conda-forge
xorg-kbproto              1.0.7             h7f98852_1002    conda-forge
xorg-libice               1.1.1                hd590300_0    conda-forge
xorg-libsm                1.2.4                h7391055_0    conda-forge
xorg-libx11               1.8.4                h0b41bf4_0    conda-forge
xorg-libxau               1.0.11               hd590300_0    conda-forge
xorg-libxdmcp             1.1.3                h7f98852_0    conda-forge
xorg-libxext              1.3.4                h0b41bf4_2    conda-forge
xorg-libxfixes            5.0.3             h7f98852_1004    conda-forge
xorg-libxi                1.7.10               h7f98852_0    conda-forge
xorg-libxrender           0.9.10            h7f98852_1003    conda-forge
xorg-libxtst              1.2.3             h7f98852_1002    conda-forge
xorg-recordproto          1.14.2            h7f98852_1002    conda-forge
xorg-renderproto          0.11.1            h7f98852_1002    conda-forge
xorg-xextproto            7.3.0             h0b41bf4_1003    conda-forge
xorg-xproto               7.0.31            h7f98852_1007    conda-forge
xz                        5.2.6                h166bdaf_0    conda-forge
yaml                      0.2.5                h7f98852_2    conda-forge
zeromq                    4.3.5                h59595ed_0    conda-forge
zipp                      3.17.0             pyhd8ed1ab_0    conda-forge
zlib                      1.2.13               hd590300_5    conda-forge
zstandard                 0.22.0           py39h6e5214e_0    conda-forge
zstd                      1.5.5                hfc55251_0    conda-forge

2023_11_19_14_41_06

Current working directory: /home/fmbuga/wxs_pipe/2023_11_19_14_41_06

prefetch ERR1831349


 prefetch SRA accession COMPLETE.

fasterq-dump ERR1831349 --outdir 00_fastq_raw

 fasterq-dump SRA accession COMPLETE.

00_fastq_raw/ERR1831349_1.fastq
00_fastq_raw/ERR1831349_2.fastq
null
null
Analysis complete for ERR1831349_1.fastq
Analysis complete for ERR1831349_2.fastq

FastQC analysis completed. Results are in 01_fastq_raw_FastQC

pigz 2.8
igzip command line interface 2.30.0
null
Analysis complete for ERR1831349_1_val_1.fq
null
Analysis complete for ERR1831349_2_val_2.fq

TrimGalore trimming and post-trim FastQC completed. Results are in 02_fastq_trimmed

02_fastq_trimmed/ERR1831349_1_val_1.fq
02_fastq_trimmed/ERR1831349_2_val_2.fq

mapping with bwa mem completed. Results are in 03_bam_raw


Processing 03_bam_raw/ERR1831349.bam

Tool returned:
0

marking duplicates with gatk MarkDuplicatesSpark completed. Results are in 04_bam_markdup


Processing 04_bam_markdup/ERR1831349_markdup.bam


variant calling with bcftools mpileup --> bcftools call completed. Results are in 05_vcf_raw


Processing 05_vcf_raw/ERR1831349_markdup_bcftools_P_099_minMQ_0.vcf


 VCF intersection with bedtools intersect complete. Results are in 06_vcf_isec 


 WORKFLOW COMPLETE 


END TIME: Sun Nov 19 16:33:38 PST 2023

total run time(s): 6760
total run time(m): 112.66
total run time(h): 1.87
